  201321069_김소영.cpp
C:\Users\82103\soyeong\201321069_김소영\201321069_김소영\201321069_김소영.cpp(506,34): warning C4305: '초기화 중': 'double'에서 'float'(으)로 잘립니다.
C:\Users\82103\soyeong\201321069_김소영\201321069_김소영\201321069_김소영.cpp(516,15): warning C4244: '인수': 'int'에서 'VGfloat'(으)로 변환하면서 데이터가 손실될 수 있습니다.
C:\Users\82103\soyeong\201321069_김소영\201321069_김소영\201321069_김소영.cpp(517,16): warning C4244: '인수': 'int'에서 'VGfloat'(으)로 변환하면서 데이터가 손실될 수 있습니다.
C:\Users\82103\soyeong\201321069_김소영\201321069_김소영\201321069_김소영.cpp(520,15): warning C4244: '인수': 'int'에서 'VGfloat'(으)로 변환하면서 데이터가 손실될 수 있습니다.
C:\Users\82103\soyeong\201321069_김소영\201321069_김소영\201321069_김소영.cpp(521,20): warning C4244: '인수': 'int'에서 'VGfloat'(으)로 변환하면서 데이터가 손실될 수 있습니다.
C:\Users\82103\soyeong\201321069_김소영\201321069_김소영\201321069_김소영.cpp(589,24): warning C4805: '==': 연산에 'int' 형식과 'bool' 형식을 함께 사용하는 것은 안전하지 않습니다.
C:\Users\82103\soyeong\201321069_김소영\201321069_김소영\201321069_김소영.cpp(591,38): warning C4244: '인수': 'int'에서 'VGfloat'(으)로 변환하면서 데이터가 손실될 수 있습니다.
C:\Users\82103\soyeong\201321069_김소영\201321069_김소영\201321069_김소영.cpp(591,26): warning C4244: '인수': 'int'에서 'VGfloat'(으)로 변환하면서 데이터가 손실될 수 있습니다.
C:\Users\82103\soyeong\201321069_김소영\201321069_김소영\201321069_김소영.cpp(656,34): warning C4244: '인수': 'int'에서 'VGfloat'(으)로 변환하면서 데이터가 손실될 수 있습니다.
C:\Users\82103\soyeong\201321069_김소영\201321069_김소영\201321069_김소영.cpp(656,23): warning C4244: '인수': 'int'에서 'VGfloat'(으)로 변환하면서 데이터가 손실될 수 있습니다.
C:\Users\82103\soyeong\201321069_김소영\201321069_김소영\201321069_김소영.cpp(675,32): warning C4244: '인수': 'int'에서 'VGfloat'(으)로 변환하면서 데이터가 손실될 수 있습니다.
C:\Users\82103\soyeong\201321069_김소영\201321069_김소영\201321069_김소영.cpp(675,22): warning C4244: '인수': 'int'에서 'VGfloat'(으)로 변환하면서 데이터가 손실될 수 있습니다.
C:\Users\82103\soyeong\201321069_김소영\201321069_김소영\201321069_김소영.cpp(681,24): warning C4805: '==': 연산에 'int' 형식과 'bool' 형식을 함께 사용하는 것은 안전하지 않습니다.
C:\Users\82103\soyeong\201321069_김소영\201321069_김소영\201321069_김소영.cpp(683,37): warning C4244: '인수': 'int'에서 'VGfloat'(으)로 변환하면서 데이터가 손실될 수 있습니다.
C:\Users\82103\soyeong\201321069_김소영\201321069_김소영\201321069_김소영.cpp(683,25): warning C4244: '인수': 'int'에서 'VGfloat'(으)로 변환하면서 데이터가 손실될 수 있습니다.
C:\Users\82103\soyeong\201321069_김소영\201321069_김소영\201321069_김소영.cpp(691,25): warning C4805: '==': 연산에 'int' 형식과 'bool' 형식을 함께 사용하는 것은 안전하지 않습니다.
C:\Users\82103\soyeong\201321069_김소영\201321069_김소영\201321069_김소영.cpp(693,39): warning C4244: '인수': 'int'에서 'VGfloat'(으)로 변환하면서 데이터가 손실될 수 있습니다.
C:\Users\82103\soyeong\201321069_김소영\201321069_김소영\201321069_김소영.cpp(693,26): warning C4244: '인수': 'int'에서 'VGfloat'(으)로 변환하면서 데이터가 손실될 수 있습니다.
C:\Users\82103\soyeong\201321069_김소영\201321069_김소영\201321069_김소영.cpp(701,25): warning C4805: '==': 연산에 'int' 형식과 'bool' 형식을 함께 사용하는 것은 안전하지 않습니다.
C:\Users\82103\soyeong\201321069_김소영\201321069_김소영\201321069_김소영.cpp(703,39): warning C4244: '인수': 'int'에서 'VGfloat'(으)로 변환하면서 데이터가 손실될 수 있습니다.
C:\Users\82103\soyeong\201321069_김소영\201321069_김소영\201321069_김소영.cpp(703,26): warning C4244: '인수': 'int'에서 'VGfloat'(으)로 변환하면서 데이터가 손실될 수 있습니다.
C:\Users\82103\soyeong\201321069_김소영\201321069_김소영\201321069_김소영.cpp(711,25): warning C4805: '==': 연산에 'int' 형식과 'bool' 형식을 함께 사용하는 것은 안전하지 않습니다.
C:\Users\82103\soyeong\201321069_김소영\201321069_김소영\201321069_김소영.cpp(713,39): warning C4244: '인수': 'int'에서 'VGfloat'(으)로 변환하면서 데이터가 손실될 수 있습니다.
C:\Users\82103\soyeong\201321069_김소영\201321069_김소영\201321069_김소영.cpp(713,26): warning C4244: '인수': 'int'에서 'VGfloat'(으)로 변환하면서 데이터가 손실될 수 있습니다.
C:\Users\82103\soyeong\201321069_김소영\201321069_김소영\201321069_김소영.cpp(721,25): warning C4805: '==': 연산에 'int' 형식과 'bool' 형식을 함께 사용하는 것은 안전하지 않습니다.
C:\Users\82103\soyeong\201321069_김소영\201321069_김소영\201321069_김소영.cpp(723,39): warning C4244: '인수': 'int'에서 'VGfloat'(으)로 변환하면서 데이터가 손실될 수 있습니다.
C:\Users\82103\soyeong\201321069_김소영\201321069_김소영\201321069_김소영.cpp(723,26): warning C4244: '인수': 'int'에서 'VGfloat'(으)로 변환하면서 데이터가 손실될 수 있습니다.
C:\Users\82103\soyeong\201321069_김소영\201321069_김소영\201321069_김소영.cpp(730,25): warning C4805: '==': 연산에 'int' 형식과 'bool' 형식을 함께 사용하는 것은 안전하지 않습니다.
C:\Users\82103\soyeong\201321069_김소영\201321069_김소영\201321069_김소영.cpp(732,39): warning C4244: '인수': 'int'에서 'VGfloat'(으)로 변환하면서 데이터가 손실될 수 있습니다.
C:\Users\82103\soyeong\201321069_김소영\201321069_김소영\201321069_김소영.cpp(732,26): warning C4244: '인수': 'int'에서 'VGfloat'(으)로 변환하면서 데이터가 손실될 수 있습니다.
C:\Users\82103\soyeong\201321069_김소영\201321069_김소영\201321069_김소영.cpp(739,25): warning C4805: '==': 연산에 'int' 형식과 'bool' 형식을 함께 사용하는 것은 안전하지 않습니다.
C:\Users\82103\soyeong\201321069_김소영\201321069_김소영\201321069_김소영.cpp(741,39): warning C4244: '인수': 'int'에서 'VGfloat'(으)로 변환하면서 데이터가 손실될 수 있습니다.
C:\Users\82103\soyeong\201321069_김소영\201321069_김소영\201321069_김소영.cpp(741,26): warning C4244: '인수': 'int'에서 'VGfloat'(으)로 변환하면서 데이터가 손실될 수 있습니다.
C:\Users\82103\soyeong\201321069_김소영\201321069_김소영\201321069_김소영.cpp(748,25): warning C4805: '==': 연산에 'int' 형식과 'bool' 형식을 함께 사용하는 것은 안전하지 않습니다.
C:\Users\82103\soyeong\201321069_김소영\201321069_김소영\201321069_김소영.cpp(750,39): warning C4244: '인수': 'int'에서 'VGfloat'(으)로 변환하면서 데이터가 손실될 수 있습니다.
C:\Users\82103\soyeong\201321069_김소영\201321069_김소영\201321069_김소영.cpp(750,26): warning C4244: '인수': 'int'에서 'VGfloat'(으)로 변환하면서 데이터가 손실될 수 있습니다.
C:\Users\82103\soyeong\201321069_김소영\201321069_김소영\201321069_김소영.cpp(766,34): warning C4244: '인수': 'int'에서 'VGfloat'(으)로 변환하면서 데이터가 손실될 수 있습니다.
C:\Users\82103\soyeong\201321069_김소영\201321069_김소영\201321069_김소영.cpp(766,23): warning C4244: '인수': 'int'에서 'VGfloat'(으)로 변환하면서 데이터가 손실될 수 있습니다.
C:\Users\82103\soyeong\201321069_김소영\201321069_김소영\201321069_김소영.cpp(782,34): warning C4244: '인수': 'int'에서 'VGfloat'(으)로 변환하면서 데이터가 손실될 수 있습니다.
C:\Users\82103\soyeong\201321069_김소영\201321069_김소영\201321069_김소영.cpp(782,23): warning C4244: '인수': 'int'에서 'VGfloat'(으)로 변환하면서 데이터가 손실될 수 있습니다.
C:\Users\82103\soyeong\201321069_김소영\201321069_김소영\201321069_김소영.cpp(788,24): warning C4805: '==': 연산에 'int' 형식과 'bool' 형식을 함께 사용하는 것은 안전하지 않습니다.
C:\Users\82103\soyeong\201321069_김소영\201321069_김소영\201321069_김소영.cpp(790,37): warning C4244: '인수': 'int'에서 'VGfloat'(으)로 변환하면서 데이터가 손실될 수 있습니다.
C:\Users\82103\soyeong\201321069_김소영\201321069_김소영\201321069_김소영.cpp(790,25): warning C4244: '인수': 'int'에서 'VGfloat'(으)로 변환하면서 데이터가 손실될 수 있습니다.
C:\Users\82103\soyeong\201321069_김소영\201321069_김소영\201321069_김소영.cpp(798,25): warning C4805: '==': 연산에 'int' 형식과 'bool' 형식을 함께 사용하는 것은 안전하지 않습니다.
C:\Users\82103\soyeong\201321069_김소영\201321069_김소영\201321069_김소영.cpp(800,39): warning C4244: '인수': 'int'에서 'VGfloat'(으)로 변환하면서 데이터가 손실될 수 있습니다.
C:\Users\82103\soyeong\201321069_김소영\201321069_김소영\201321069_김소영.cpp(800,26): warning C4244: '인수': 'int'에서 'VGfloat'(으)로 변환하면서 데이터가 손실될 수 있습니다.
C:\Users\82103\soyeong\201321069_김소영\201321069_김소영\201321069_김소영.cpp(808,25): warning C4805: '==': 연산에 'int' 형식과 'bool' 형식을 함께 사용하는 것은 안전하지 않습니다.
C:\Users\82103\soyeong\201321069_김소영\201321069_김소영\201321069_김소영.cpp(810,39): warning C4244: '인수': 'int'에서 'VGfloat'(으)로 변환하면서 데이터가 손실될 수 있습니다.
C:\Users\82103\soyeong\201321069_김소영\201321069_김소영\201321069_김소영.cpp(810,26): warning C4244: '인수': 'int'에서 'VGfloat'(으)로 변환하면서 데이터가 손실될 수 있습니다.
C:\Users\82103\soyeong\201321069_김소영\201321069_김소영\201321069_김소영.cpp(818,25): warning C4805: '==': 연산에 'int' 형식과 'bool' 형식을 함께 사용하는 것은 안전하지 않습니다.
C:\Users\82103\soyeong\201321069_김소영\201321069_김소영\201321069_김소영.cpp(820,39): warning C4244: '인수': 'int'에서 'VGfloat'(으)로 변환하면서 데이터가 손실될 수 있습니다.
C:\Users\82103\soyeong\201321069_김소영\201321069_김소영\201321069_김소영.cpp(820,26): warning C4244: '인수': 'int'에서 'VGfloat'(으)로 변환하면서 데이터가 손실될 수 있습니다.
C:\Users\82103\soyeong\201321069_김소영\201321069_김소영\201321069_김소영.cpp(828,25): warning C4805: '==': 연산에 'int' 형식과 'bool' 형식을 함께 사용하는 것은 안전하지 않습니다.
C:\Users\82103\soyeong\201321069_김소영\201321069_김소영\201321069_김소영.cpp(830,39): warning C4244: '인수': 'int'에서 'VGfloat'(으)로 변환하면서 데이터가 손실될 수 있습니다.
C:\Users\82103\soyeong\201321069_김소영\201321069_김소영\201321069_김소영.cpp(830,26): warning C4244: '인수': 'int'에서 'VGfloat'(으)로 변환하면서 데이터가 손실될 수 있습니다.
C:\Users\82103\soyeong\201321069_김소영\201321069_김소영\201321069_김소영.cpp(837,25): warning C4805: '==': 연산에 'int' 형식과 'bool' 형식을 함께 사용하는 것은 안전하지 않습니다.
C:\Users\82103\soyeong\201321069_김소영\201321069_김소영\201321069_김소영.cpp(839,39): warning C4244: '인수': 'int'에서 'VGfloat'(으)로 변환하면서 데이터가 손실될 수 있습니다.
C:\Users\82103\soyeong\201321069_김소영\201321069_김소영\201321069_김소영.cpp(839,26): warning C4244: '인수': 'int'에서 'VGfloat'(으)로 변환하면서 데이터가 손실될 수 있습니다.
C:\Users\82103\soyeong\201321069_김소영\201321069_김소영\201321069_김소영.cpp(846,25): warning C4805: '==': 연산에 'int' 형식과 'bool' 형식을 함께 사용하는 것은 안전하지 않습니다.
C:\Users\82103\soyeong\201321069_김소영\201321069_김소영\201321069_김소영.cpp(848,39): warning C4244: '인수': 'int'에서 'VGfloat'(으)로 변환하면서 데이터가 손실될 수 있습니다.
C:\Users\82103\soyeong\201321069_김소영\201321069_김소영\201321069_김소영.cpp(848,26): warning C4244: '인수': 'int'에서 'VGfloat'(으)로 변환하면서 데이터가 손실될 수 있습니다.
C:\Users\82103\soyeong\201321069_김소영\201321069_김소영\201321069_김소영.cpp(855,25): warning C4805: '==': 연산에 'int' 형식과 'bool' 형식을 함께 사용하는 것은 안전하지 않습니다.
C:\Users\82103\soyeong\201321069_김소영\201321069_김소영\201321069_김소영.cpp(857,39): warning C4244: '인수': 'int'에서 'VGfloat'(으)로 변환하면서 데이터가 손실될 수 있습니다.
C:\Users\82103\soyeong\201321069_김소영\201321069_김소영\201321069_김소영.cpp(857,26): warning C4244: '인수': 'int'에서 'VGfloat'(으)로 변환하면서 데이터가 손실될 수 있습니다.
C:\Users\82103\soyeong\201321069_김소영\201321069_김소영\201321069_김소영.cpp(864,22): warning C4805: '==': 연산에 'int' 형식과 'bool' 형식을 함께 사용하는 것은 안전하지 않습니다.
C:\Users\82103\soyeong\201321069_김소영\201321069_김소영\201321069_김소영.cpp(866,33): warning C4244: '인수': 'int'에서 'VGfloat'(으)로 변환하면서 데이터가 손실될 수 있습니다.
C:\Users\82103\soyeong\201321069_김소영\201321069_김소영\201321069_김소영.cpp(866,23): warning C4244: '인수': 'int'에서 'VGfloat'(으)로 변환하면서 데이터가 손실될 수 있습니다.
C:\Users\82103\soyeong\201321069_김소영\201321069_김소영\201321069_김소영.cpp(872,23): warning C4805: '==': 연산에 'int' 형식과 'bool' 형식을 함께 사용하는 것은 안전하지 않습니다.
C:\Users\82103\soyeong\201321069_김소영\201321069_김소영\201321069_김소영.cpp(874,35): warning C4244: '인수': 'int'에서 'VGfloat'(으)로 변환하면서 데이터가 손실될 수 있습니다.
C:\Users\82103\soyeong\201321069_김소영\201321069_김소영\201321069_김소영.cpp(874,24): warning C4244: '인수': 'int'에서 'VGfloat'(으)로 변환하면서 데이터가 손실될 수 있습니다.
C:\Users\82103\soyeong\201321069_김소영\201321069_김소영\201321069_김소영.cpp(880,22): warning C4805: '==': 연산에 'int' 형식과 'bool' 형식을 함께 사용하는 것은 안전하지 않습니다.
C:\Users\82103\soyeong\201321069_김소영\201321069_김소영\201321069_김소영.cpp(882,33): warning C4244: '인수': 'int'에서 'VGfloat'(으)로 변환하면서 데이터가 손실될 수 있습니다.
C:\Users\82103\soyeong\201321069_김소영\201321069_김소영\201321069_김소영.cpp(882,23): warning C4244: '인수': 'int'에서 'VGfloat'(으)로 변환하면서 데이터가 손실될 수 있습니다.
C:\Users\82103\soyeong\201321069_김소영\201321069_김소영\201321069_김소영.cpp(888,23): warning C4805: '==': 연산에 'int' 형식과 'bool' 형식을 함께 사용하는 것은 안전하지 않습니다.
C:\Users\82103\soyeong\201321069_김소영\201321069_김소영\201321069_김소영.cpp(890,35): warning C4244: '인수': 'int'에서 'VGfloat'(으)로 변환하면서 데이터가 손실될 수 있습니다.
C:\Users\82103\soyeong\201321069_김소영\201321069_김소영\201321069_김소영.cpp(890,24): warning C4244: '인수': 'int'에서 'VGfloat'(으)로 변환하면서 데이터가 손실될 수 있습니다.
  DXUTsound.cpp
  egl.cpp
  코드를 생성하고 있습니다...
LINK : warning LNK4075: '/INCREMENTAL'이(가) '/OPT:ICF' 사양으로 인해 무시됩니다.
201321069_김소영.obj : warning LNK4075: '/EDITANDCONTINUE'이(가) '/OPT:ICF' 사양으로 인해 무시됩니다.
  201321069_김소영.vcxproj -> C:\Users\82103\soyeong\201321069_김소영\Release\201321069_김소영.exe
