c:\users\82103\soyeong\201321069_김소영\201321069_김소영\release\201321069_김소영.pch
c:\users\82103\soyeong\201321069_김소영\201321069_김소영\release\vc142.pdb
c:\users\82103\soyeong\201321069_김소영\201321069_김소영\release\vc142.idb
c:\users\82103\soyeong\201321069_김소영\201321069_김소영\release\stdafx.obj
c:\users\82103\soyeong\201321069_김소영\201321069_김소영\release\egl.obj
c:\users\82103\soyeong\201321069_김소영\201321069_김소영\release\dxutsound.obj
c:\users\82103\soyeong\201321069_김소영\201321069_김소영\release\201321069_김소영.obj
c:\users\82103\soyeong\201321069_김소영\201321069_김소영\release\201321069_김소영.res
c:\users\82103\soyeong\201321069_김소영\release\201321069_김소영.pdb
c:\users\82103\soyeong\201321069_김소영\201321069_김소영\release\201321069_김소영.tlog\cl.command.1.tlog
c:\users\82103\soyeong\201321069_김소영\201321069_김소영\release\201321069_김소영.tlog\cl.read.1.tlog
c:\users\82103\soyeong\201321069_김소영\201321069_김소영\release\201321069_김소영.tlog\cl.write.1.tlog
c:\users\82103\soyeong\201321069_김소영\201321069_김소영\release\201321069_김소영.tlog\link-cvtres.read.1.tlog
c:\users\82103\soyeong\201321069_김소영\201321069_김소영\release\201321069_김소영.tlog\link-cvtres.write.1.tlog
c:\users\82103\soyeong\201321069_김소영\201321069_김소영\release\201321069_김소영.tlog\link-rc.read.1.tlog
c:\users\82103\soyeong\201321069_김소영\201321069_김소영\release\201321069_김소영.tlog\link-rc.write.1.tlog
c:\users\82103\soyeong\201321069_김소영\201321069_김소영\release\201321069_김소영.tlog\link.command.1.tlog
c:\users\82103\soyeong\201321069_김소영\201321069_김소영\release\201321069_김소영.tlog\link.read.1.tlog
c:\users\82103\soyeong\201321069_김소영\201321069_김소영\release\201321069_김소영.tlog\link.write.1.tlog
c:\users\82103\soyeong\201321069_김소영\201321069_김소영\release\201321069_김소영.tlog\rc.command.1.tlog
c:\users\82103\soyeong\201321069_김소영\201321069_김소영\release\201321069_김소영.tlog\rc.read.1.tlog
c:\users\82103\soyeong\201321069_김소영\201321069_김소영\release\201321069_김소영.tlog\rc.write.1.tlog
